<?xml version="1.0" encoding="UTF-8"?>
<!-- Generated by org.testng.reporters.JUnitXMLReporter -->
<testsuite hostname="CNDPBHAVIK" name="Login test_FF" tests="2" failures="0" timestamp="4 Aug 2017 09:00:18 GMT" time="47.597" errors="0">
  <testcase name="@BeforeClass beforeTest" time="0.0" classname="testScripts.TestScripts_1">
    <failure type="org.openqa.selenium.WebDriverException" message="Failed to connect to binary FirefoxBinary(C:\Program Files\Mozilla Firefox\firefox.exe) on port 7055; process output follows: 
e&amp;quot;:1495210271053,&amp;quot;updateDate&amp;quot;:1495210271053,&amp;quot;applyBackgroundUpdates&amp;quot;:1,&amp;quot;skinnable&amp;quot;:true,&amp;quot;size&amp;quot;:8207,&amp;quot;sourceURI&amp;quot;:null,&amp;quot;releaseNotesURI&amp;quot;:null,&amp;quot;softDisabled&amp;quot;:false,&amp;quot;foreignInstall&amp;quot;:false,&amp;quot;hasBinaryComponents&amp;quot;:false,&amp;quot;strictCompatibility&amp;quot;:true,&amp;quot;locales&amp;quot;:[],&amp;quot;targetApplications&amp;quot;:[{&amp;quot;id&amp;quot;:&amp;quot;{ec8030f7-c20a-464f-9b0e-13a3a9e97384}&amp;quot;,&amp;quot;minVersion&amp;quot;:&amp;quot;53.0.2&amp;quot;,&amp;quot;maxVersion&amp;quot;:&amp;quot;53.0.2&amp;quot;}],&amp;quot;targetPlatforms&amp;quot;:[],&amp;quot;seen&amp;quot;:true,&amp;quot;dependencies&amp;quot;:[],&amp;quot;hasEmbeddedWebExtension&amp;quot;:false,&amp;quot;userPermissions&amp;quot;:null}
1501837174710	addons.xpi	DEBUG	getModTime: Recursive scan of {972ce4c6-7e08-4474-a285-3208198ce6fd}
1501837174710	DeferredSave.extensions.json	DEBUG	Save changes
1501837174710	addons.xpi	DEBUG	Updating database with changes to installed add-ons
1501837174710	addons.xpi-utils	DEBUG	Updating add-on states
1501837174714	addons.xpi-utils	DEBUG	Writing add-ons list
1501837174717	addons.xpi	DEBUG	Registering manifest for C:\Program Files\Mozilla Firefox\browser\features\aushelper@mozilla.org.xpi
1501837174718	addons.xpi	DEBUG	Calling bootstrap method startup on aushelper@mozilla.org version 2.0
1501837174719	addons.xpi	DEBUG	Registering manifest for C:\Program Files\Mozilla Firefox\browser\features\e10srollout@mozilla.org.xpi
1501837174719	addons.xpi	DEBUG	Calling bootstrap method startup on e10srollout@mozilla.org version 1.14
1501837174720	addons.xpi	DEBUG	Registering manifest for C:\Program Files\Mozilla Firefox\browser\features\firefox@getpocket.com.xpi
1501837174720	addons.xpi	DEBUG	Calling bootstrap method startup on firefox@getpocket.com version 1.0.5
1501837174721	addons.xpi	DEBUG	Registering manifest for C:\Program Files\Mozilla Firefox\browser\features\webcompat@mozilla.org.xpi
1501837174721	addons.xpi	DEBUG	Calling bootstrap method startup on webcompat@mozilla.org version 1.0
1501837174723	addons.manager	DEBUG	Registering shutdown blocker for XPIProvider
1501837174724	addons.manager	DEBUG	Provider finished startup: XPIProvider
1501837174724	addons.manager	DEBUG	Starting provider: LightweightThemeManager
1501837174724	addons.manager	DEBUG	Registering shutdown blocker for LightweightThemeManager
1501837174724	addons.manager	DEBUG	Provider finished startup: LightweightThemeManager
1501837174725	addons.manager	DEBUG	Starting provider: GMPProvider
1501837174729	addons.manager	DEBUG	Registering shutdown blocker for GMPProvider
1501837174729	addons.manager	DEBUG	Provider finished startup: GMPProvider
1501837174729	addons.manager	DEBUG	Starting provider: PluginProvider
1501837174729	addons.manager	DEBUG	Registering shutdown blocker for PluginProvider
1501837174729	addons.manager	DEBUG	Provider finished startup: PluginProvider
1501837174729	addons.manager	DEBUG	Completed startup sequence
[GFX1]: Potential driver version mismatch ignored due to missing DLLs 0.0.0.0 and 0.0.0.0
1501837176304	addons.manager	DEBUG	Starting provider: &amp;lt;unnamed-provider&amp;gt;
1501837176304	addons.manager	DEBUG	Registering shutdown blocker for &amp;lt;unnamed-provider&amp;gt;
1501837176304	addons.manager	DEBUG	Provider finished startup: &amp;lt;unnamed-provider&amp;gt;
1501837176306	DeferredSave.extensions.json	DEBUG	Starting write
1501837176413	addons.repository	DEBUG	No addons.json found.
1501837176413	DeferredSave.addons.json	DEBUG	Save changes
1501837176416	DeferredSave.addons.json	DEBUG	Starting timer
1501837176463	addons.manager	DEBUG	Starting provider: PreviousExperimentProvider
1501837176463	addons.manager	DEBUG	Registering shutdown blocker for PreviousExperimentProvider
1501837176463	addons.manager	DEBUG	Provider finished startup: PreviousExperimentProvider
1501837176465	DeferredSave.extensions.json	DEBUG	Write succeeded
1501837176465	addons.xpi-utils	DEBUG	XPI Database saved, setting schema version preference to 19
1501837176468	DeferredSave.addons.json	DEBUG	Starting write
1501837176488	DeferredSave.addons.json	DEBUG	Write succeeded
Crash Annotation GraphicsCriticalError: |[C0][GFX1]: Potential driver version mismatch ignored due to missing DLLs 0.0.0.0 and 0.0.0.0 (t=1.0274) [GFX1]: Potential driver version mismatch ignored due to missing DLLs 0.0.0.0 and 0.0.0.0

Build info: version: &amp;apos;2.53.1&amp;apos;, revision: &amp;apos;a36b8b1cd5757287168e54b817830adce9b0158d&amp;apos;, time: &amp;apos;2016-06-30 19:26:09&amp;apos;
System info: host: &amp;apos;CNDPBHAVIK&amp;apos;, ip: &amp;apos;172.25.248.79&amp;apos;, os.name: &amp;apos;Windows 7&amp;apos;, os.arch: &amp;apos;amd64&amp;apos;, os.version: &amp;apos;6.1&amp;apos;, java.version: &amp;apos;1.8.0_91&amp;apos;
Driver info: driver.version: FirefoxDriver">
      <![CDATA[org.openqa.selenium.WebDriverException: Failed to connect to binary FirefoxBinary(C:\Program Files\Mozilla Firefox\firefox.exe) on port 7055; process output follows: 
e":1495210271053,"updateDate":1495210271053,"applyBackgroundUpdates":1,"skinnable":true,"size":8207,"sourceURI":null,"releaseNotesURI":null,"softDisabled":false,"foreignInstall":false,"hasBinaryComponents":false,"strictCompatibility":true,"locales":[],"targetApplications":[{"id":"{ec8030f7-c20a-464f-9b0e-13a3a9e97384}","minVersion":"53.0.2","maxVersion":"53.0.2"}],"targetPlatforms":[],"seen":true,"dependencies":[],"hasEmbeddedWebExtension":false,"userPermissions":null}
1501837174710	addons.xpi	DEBUG	getModTime: Recursive scan of {972ce4c6-7e08-4474-a285-3208198ce6fd}
1501837174710	DeferredSave.extensions.json	DEBUG	Save changes
1501837174710	addons.xpi	DEBUG	Updating database with changes to installed add-ons
1501837174710	addons.xpi-utils	DEBUG	Updating add-on states
1501837174714	addons.xpi-utils	DEBUG	Writing add-ons list
1501837174717	addons.xpi	DEBUG	Registering manifest for C:\Program Files\Mozilla Firefox\browser\features\aushelper@mozilla.org.xpi
1501837174718	addons.xpi	DEBUG	Calling bootstrap method startup on aushelper@mozilla.org version 2.0
1501837174719	addons.xpi	DEBUG	Registering manifest for C:\Program Files\Mozilla Firefox\browser\features\e10srollout@mozilla.org.xpi
1501837174719	addons.xpi	DEBUG	Calling bootstrap method startup on e10srollout@mozilla.org version 1.14
1501837174720	addons.xpi	DEBUG	Registering manifest for C:\Program Files\Mozilla Firefox\browser\features\firefox@getpocket.com.xpi
1501837174720	addons.xpi	DEBUG	Calling bootstrap method startup on firefox@getpocket.com version 1.0.5
1501837174721	addons.xpi	DEBUG	Registering manifest for C:\Program Files\Mozilla Firefox\browser\features\webcompat@mozilla.org.xpi
1501837174721	addons.xpi	DEBUG	Calling bootstrap method startup on webcompat@mozilla.org version 1.0
1501837174723	addons.manager	DEBUG	Registering shutdown blocker for XPIProvider
1501837174724	addons.manager	DEBUG	Provider finished startup: XPIProvider
1501837174724	addons.manager	DEBUG	Starting provider: LightweightThemeManager
1501837174724	addons.manager	DEBUG	Registering shutdown blocker for LightweightThemeManager
1501837174724	addons.manager	DEBUG	Provider finished startup: LightweightThemeManager
1501837174725	addons.manager	DEBUG	Starting provider: GMPProvider
1501837174729	addons.manager	DEBUG	Registering shutdown blocker for GMPProvider
1501837174729	addons.manager	DEBUG	Provider finished startup: GMPProvider
1501837174729	addons.manager	DEBUG	Starting provider: PluginProvider
1501837174729	addons.manager	DEBUG	Registering shutdown blocker for PluginProvider
1501837174729	addons.manager	DEBUG	Provider finished startup: PluginProvider
1501837174729	addons.manager	DEBUG	Completed startup sequence
[GFX1]: Potential driver version mismatch ignored due to missing DLLs 0.0.0.0 and 0.0.0.0
1501837176304	addons.manager	DEBUG	Starting provider: <unnamed-provider>
1501837176304	addons.manager	DEBUG	Registering shutdown blocker for <unnamed-provider>
1501837176304	addons.manager	DEBUG	Provider finished startup: <unnamed-provider>
1501837176306	DeferredSave.extensions.json	DEBUG	Starting write
1501837176413	addons.repository	DEBUG	No addons.json found.
1501837176413	DeferredSave.addons.json	DEBUG	Save changes
1501837176416	DeferredSave.addons.json	DEBUG	Starting timer
1501837176463	addons.manager	DEBUG	Starting provider: PreviousExperimentProvider
1501837176463	addons.manager	DEBUG	Registering shutdown blocker for PreviousExperimentProvider
1501837176463	addons.manager	DEBUG	Provider finished startup: PreviousExperimentProvider
1501837176465	DeferredSave.extensions.json	DEBUG	Write succeeded
1501837176465	addons.xpi-utils	DEBUG	XPI Database saved, setting schema version preference to 19
1501837176468	DeferredSave.addons.json	DEBUG	Starting write
1501837176488	DeferredSave.addons.json	DEBUG	Write succeeded
Crash Annotation GraphicsCriticalError: |[C0][GFX1]: Potential driver version mismatch ignored due to missing DLLs 0.0.0.0 and 0.0.0.0 (t=1.0274) [GFX1]: Potential driver version mismatch ignored due to missing DLLs 0.0.0.0 and 0.0.0.0

Build info: version: '2.53.1', revision: 'a36b8b1cd5757287168e54b817830adce9b0158d', time: '2016-06-30 19:26:09'
System info: host: 'CNDPBHAVIK', ip: '172.25.248.79', os.name: 'Windows 7', os.arch: 'amd64', os.version: '6.1', java.version: '1.8.0_91'
Driver info: driver.version: FirefoxDriver
	at org.openqa.selenium.firefox.internal.NewProfileExtensionConnection.start(NewProfileExtensionConnection.java:125)
	at org.openqa.selenium.firefox.FirefoxDriver.startClient(FirefoxDriver.java:271)
	at org.openqa.selenium.remote.RemoteWebDriver.<init>(RemoteWebDriver.java:119)
	at org.openqa.selenium.firefox.FirefoxDriver.<init>(FirefoxDriver.java:216)
	at org.openqa.selenium.firefox.FirefoxDriver.<init>(FirefoxDriver.java:211)
	at org.openqa.selenium.firefox.FirefoxDriver.<init>(FirefoxDriver.java:207)
	at org.openqa.selenium.firefox.FirefoxDriver.<init>(FirefoxDriver.java:120)
	at testBase.TestBase.selectBrowser(TestBase.java:47)
	at testBase.TestBase.init1(TestBase.java:33)
	at testScripts.TestScripts_1.beforeTest(TestScripts_1.java:33)
	at java.util.concurrent.FutureTask.run(Unknown Source)
	at java.util.concurrent.ThreadPoolExecutor.runWorker(Unknown Source)
	at java.util.concurrent.ThreadPoolExecutor$Worker.run(Unknown Source)
	at java.lang.Thread.run(Unknown Source)
Caused by: org.openqa.selenium.firefox.NotConnectedException: Unable to connect to host 127.0.0.1 on port 7055 after 45000 ms. Firefox console output:
e":1495210271053,"updateDate":1495210271053,"applyBackgroundUpdates":1,"skinnable":true,"size":8207,"sourceURI":null,"releaseNotesURI":null,"softDisabled":false,"foreignInstall":false,"hasBinaryComponents":false,"strictCompatibility":true,"locales":[],"targetApplications":[{"id":"{ec8030f7-c20a-464f-9b0e-13a3a9e97384}","minVersion":"53.0.2","maxVersion":"53.0.2"}],"targetPlatforms":[],"seen":true,"dependencies":[],"hasEmbeddedWebExtension":false,"userPermissions":null}
1501837174710	addons.xpi	DEBUG	getModTime: Recursive scan of {972ce4c6-7e08-4474-a285-3208198ce6fd}
1501837174710	DeferredSave.extensions.json	DEBUG	Save changes
1501837174710	addons.xpi	DEBUG	Updating database with changes to installed add-ons
1501837174710	addons.xpi-utils	DEBUG	Updating add-on states
1501837174714	addons.xpi-utils	DEBUG	Writing add-ons list
1501837174717	addons.xpi	DEBUG	Registering manifest for C:\Program Files\Mozilla Firefox\browser\features\aushelper@mozilla.org.xpi
1501837174718	addons.xpi	DEBUG	Calling bootstrap method startup on aushelper@mozilla.org version 2.0
1501837174719	addons.xpi	DEBUG	Registering manifest for C:\Program Files\Mozilla Firefox\browser\features\e10srollout@mozilla.org.xpi
1501837174719	addons.xpi	DEBUG	Calling bootstrap method startup on e10srollout@mozilla.org version 1.14
1501837174720	addons.xpi	DEBUG	Registering manifest for C:\Program Files\Mozilla Firefox\browser\features\firefox@getpocket.com.xpi
1501837174720	addons.xpi	DEBUG	Calling bootstrap method startup on firefox@getpocket.com version 1.0.5
1501837174721	addons.xpi	DEBUG	Registering manifest for C:\Program Files\Mozilla Firefox\browser\features\webcompat@mozilla.org.xpi
1501837174721	addons.xpi	DEBUG	Calling bootstrap method startup on webcompat@mozilla.org version 1.0
1501837174723	addons.manager	DEBUG	Registering shutdown blocker for XPIProvider
1501837174724	addons.manager	DEBUG	Provider finished startup: XPIProvider
1501837174724	addons.manager	DEBUG	Starting provider: LightweightThemeManager
1501837174724	addons.manager	DEBUG	Registering shutdown blocker for LightweightThemeManager
1501837174724	addons.manager	DEBUG	Provider finished startup: LightweightThemeManager
1501837174725	addons.manager	DEBUG	Starting provider: GMPProvider
1501837174729	addons.manager	DEBUG	Registering shutdown blocker for GMPProvider
1501837174729	addons.manager	DEBUG	Provider finished startup: GMPProvider
1501837174729	addons.manager	DEBUG	Starting provider: PluginProvider
1501837174729	addons.manager	DEBUG	Registering shutdown blocker for PluginProvider
1501837174729	addons.manager	DEBUG	Provider finished startup: PluginProvider
1501837174729	addons.manager	DEBUG	Completed startup sequence
[GFX1]: Potential driver version mismatch ignored due to missing DLLs 0.0.0.0 and 0.0.0.0
1501837176304	addons.manager	DEBUG	Starting provider: <unnamed-provider>
1501837176304	addons.manager	DEBUG	Registering shutdown blocker for <unnamed-provider>
1501837176304	addons.manager	DEBUG	Provider finished startup: <unnamed-provider>
1501837176306	DeferredSave.extensions.json	DEBUG	Starting write
1501837176413	addons.repository	DEBUG	No addons.json found.
1501837176413	DeferredSave.addons.json	DEBUG	Save changes
1501837176416	DeferredSave.addons.json	DEBUG	Starting timer
1501837176463	addons.manager	DEBUG	Starting provider: PreviousExperimentProvider
1501837176463	addons.manager	DEBUG	Registering shutdown blocker for PreviousExperimentProvider
1501837176463	addons.manager	DEBUG	Provider finished startup: PreviousExperimentProvider
1501837176465	DeferredSave.extensions.json	DEBUG	Write succeeded
1501837176465	addons.xpi-utils	DEBUG	XPI Database saved, setting schema version preference to 19
1501837176468	DeferredSave.addons.json	DEBUG	Starting write
1501837176488	DeferredSave.addons.json	DEBUG	Write succeeded
Crash Annotation GraphicsCriticalError: |[C0][GFX1]: Potential driver version mismatch ignored due to missing DLLs 0.0.0.0 and 0.0.0.0 (t=1.0274) [GFX1]: Potential driver version mismatch ignored due to missing DLLs 0.0.0.0 and 0.0.0.0

	at org.openqa.selenium.firefox.internal.NewProfileExtensionConnection.start(NewProfileExtensionConnection.java:113)
	... 29 more
... Removed 16 stack frames]]>
    </failure>
  </testcase> <!-- @BeforeClass beforeTest -->
  <testcase name="@AfterTest EndTest" time="0.0" classname="testScripts.TestScripts_1">
    <skipped/>
  </testcase> <!-- @AfterTest EndTest -->
  <testcase name="testRegistraionWithValidData" time="0.0" classname="testScripts.TestScripts_1">
    <skipped/>
  </testcase> <!-- testRegistraionWithValidData -->
  <testcase name="testRegistraionWithValidData" time="0.0" classname="testScripts.TestScripts_1">
    <skipped/>
  </testcase> <!-- testRegistraionWithValidData -->
</testsuite> <!-- Login test_FF -->
