<?xml version="1.0" encoding="UTF-8"?>
<!-- Generated by org.testng.reporters.JUnitXMLReporter -->
<testsuite hostname="CNDPBHAVIK" name="Login test" tests="4" failures="0" timestamp="25 Jul 2017 12:25:55 GMT" time="79.502" errors="0">
  <testcase name="testRegistraionWithValidData" time="16.72" classname="testScripts.TestScripts_1"/>
  <testcase name="testRegistraionWithValidData" time="14.679" classname="testScripts.TestScripts_1"/>
  <testcase name="testRegistraionWithValidData" time="15.16" classname="testScripts.TestScripts_1"/>
  <testcase name="testRegistraionWithValidData" time="14.712" classname="testScripts.TestScripts_1"/>
</testsuite> <!-- Login test -->
