<?xml version="1.0" encoding="UTF-8"?>
<testng-results skipped="0" failed="0" total="4" passed="4">
  <reporter-output>
  </reporter-output>
  <suite name="Regression Suit" duration-ms="79502" started-at="2017-07-25T12:24:36Z" finished-at="2017-07-25T12:25:55Z">
    <groups>
    </groups>
    <test name="Login test" duration-ms="79502" started-at="2017-07-25T12:24:36Z" finished-at="2017-07-25T12:25:55Z">
      <class name="testScripts.TestScripts_1">
        <test-method status="PASS" signature="setUP()[pri:0, instance:testScripts.TestScripts_1@66a3ffec]" name="setUP" is-config="true" duration-ms="14895" started-at="2017-07-25T17:54:36Z" finished-at="2017-07-25T17:54:51Z">
          <reporter-output>
          </reporter-output>
        </test-method> <!-- setUP -->
        <test-method status="PASS" signature="testRegistraionWithValidData(java.lang.String, java.lang.String, java.lang.String, java.lang.String, java.lang.String, java.lang.String, java.lang.String, java.lang.String, java.lang.String, java.lang.String, java.lang.String, java.lang.String, java.lang.String, java.lang.String, java.lang.String)[pri:0, instance:testScripts.TestScripts_1@66a3ffec]" name="testRegistraionWithValidData" duration-ms="16720" started-at="2017-07-25T17:54:51Z" description="Test Registration with valid data" data-provider="Authentication" finished-at="2017-07-25T17:55:07Z">
          <params>
            <param index="0">
              <value>
                <![CDATA[B1@new.com]]>
              </value>
            </param>
            <param index="1">
              <value>
                <![CDATA[Mr]]>
              </value>
            </param>
            <param index="2">
              <value>
                <![CDATA[test]]>
              </value>
            </param>
            <param index="3">
              <value>
                <![CDATA[rest]]>
              </value>
            </param>
            <param index="4">
              <value>
                <![CDATA[qwer1234]]>
              </value>
            </param>
            <param index="5">
              <value>
                <![CDATA[2]]>
              </value>
            </param>
            <param index="6">
              <value>
                <![CDATA[January]]>
              </value>
            </param>
            <param index="7">
              <value>
                <![CDATA[1992]]>
              </value>
            </param>
            <param index="8">
              <value>
                <![CDATA[Test Address 1]]>
              </value>
            </param>
            <param index="9">
              <value>
                <![CDATA[TestCity]]>
              </value>
            </param>
            <param index="10">
              <value>
                <![CDATA[Alaska]]>
              </value>
            </param>
            <param index="11">
              <value>
                <![CDATA[20360]]>
              </value>
            </param>
            <param index="12">
              <value>
                <![CDATA[United States]]>
              </value>
            </param>
            <param index="13">
              <value>
                <![CDATA[7894561478]]>
              </value>
            </param>
            <param index="14">
              <value>
                <![CDATA[tr@n.com]]>
              </value>
            </param>
          </params>
          <reporter-output>
          </reporter-output>
        </test-method> <!-- testRegistraionWithValidData -->
        <test-method status="PASS" signature="testRegistraionWithValidData(java.lang.String, java.lang.String, java.lang.String, java.lang.String, java.lang.String, java.lang.String, java.lang.String, java.lang.String, java.lang.String, java.lang.String, java.lang.String, java.lang.String, java.lang.String, java.lang.String, java.lang.String)[pri:0, instance:testScripts.TestScripts_1@66a3ffec]" name="testRegistraionWithValidData" duration-ms="14679" started-at="2017-07-25T17:55:07Z" description="Test Registration with valid data" data-provider="Authentication" finished-at="2017-07-25T17:55:22Z">
          <params>
            <param index="0">
              <value>
                <![CDATA[B2@new.com]]>
              </value>
            </param>
            <param index="1">
              <value>
                <![CDATA[Mr]]>
              </value>
            </param>
            <param index="2">
              <value>
                <![CDATA[test]]>
              </value>
            </param>
            <param index="3">
              <value>
                <![CDATA[rest]]>
              </value>
            </param>
            <param index="4">
              <value>
                <![CDATA[qwer1234]]>
              </value>
            </param>
            <param index="5">
              <value>
                <![CDATA[2]]>
              </value>
            </param>
            <param index="6">
              <value>
                <![CDATA[January]]>
              </value>
            </param>
            <param index="7">
              <value>
                <![CDATA[1992]]>
              </value>
            </param>
            <param index="8">
              <value>
                <![CDATA[Test Address 1]]>
              </value>
            </param>
            <param index="9">
              <value>
                <![CDATA[TestCity]]>
              </value>
            </param>
            <param index="10">
              <value>
                <![CDATA[Alaska]]>
              </value>
            </param>
            <param index="11">
              <value>
                <![CDATA[20360]]>
              </value>
            </param>
            <param index="12">
              <value>
                <![CDATA[United States]]>
              </value>
            </param>
            <param index="13">
              <value>
                <![CDATA[7894561478]]>
              </value>
            </param>
            <param index="14">
              <value>
                <![CDATA[tr@n.com]]>
              </value>
            </param>
          </params>
          <reporter-output>
          </reporter-output>
        </test-method> <!-- testRegistraionWithValidData -->
        <test-method status="PASS" signature="testRegistraionWithValidData(java.lang.String, java.lang.String, java.lang.String, java.lang.String, java.lang.String, java.lang.String, java.lang.String, java.lang.String, java.lang.String, java.lang.String, java.lang.String, java.lang.String, java.lang.String, java.lang.String, java.lang.String)[pri:0, instance:testScripts.TestScripts_1@66a3ffec]" name="testRegistraionWithValidData" duration-ms="15160" started-at="2017-07-25T17:55:22Z" description="Test Registration with valid data" data-provider="Authentication" finished-at="2017-07-25T17:55:37Z">
          <params>
            <param index="0">
              <value>
                <![CDATA[B3@new.com]]>
              </value>
            </param>
            <param index="1">
              <value>
                <![CDATA[Mr]]>
              </value>
            </param>
            <param index="2">
              <value>
                <![CDATA[test]]>
              </value>
            </param>
            <param index="3">
              <value>
                <![CDATA[rest]]>
              </value>
            </param>
            <param index="4">
              <value>
                <![CDATA[qwer1234]]>
              </value>
            </param>
            <param index="5">
              <value>
                <![CDATA[2]]>
              </value>
            </param>
            <param index="6">
              <value>
                <![CDATA[January]]>
              </value>
            </param>
            <param index="7">
              <value>
                <![CDATA[1992]]>
              </value>
            </param>
            <param index="8">
              <value>
                <![CDATA[Test Address 1]]>
              </value>
            </param>
            <param index="9">
              <value>
                <![CDATA[TestCity]]>
              </value>
            </param>
            <param index="10">
              <value>
                <![CDATA[Alaska]]>
              </value>
            </param>
            <param index="11">
              <value>
                <![CDATA[20360]]>
              </value>
            </param>
            <param index="12">
              <value>
                <![CDATA[United States]]>
              </value>
            </param>
            <param index="13">
              <value>
                <![CDATA[7894561478]]>
              </value>
            </param>
            <param index="14">
              <value>
                <![CDATA[tr@n.com]]>
              </value>
            </param>
          </params>
          <reporter-output>
          </reporter-output>
        </test-method> <!-- testRegistraionWithValidData -->
        <test-method status="PASS" signature="testRegistraionWithValidData(java.lang.String, java.lang.String, java.lang.String, java.lang.String, java.lang.String, java.lang.String, java.lang.String, java.lang.String, java.lang.String, java.lang.String, java.lang.String, java.lang.String, java.lang.String, java.lang.String, java.lang.String)[pri:0, instance:testScripts.TestScripts_1@66a3ffec]" name="testRegistraionWithValidData" duration-ms="14712" started-at="2017-07-25T17:55:37Z" description="Test Registration with valid data" data-provider="Authentication" finished-at="2017-07-25T17:55:52Z">
          <params>
            <param index="0">
              <value>
                <![CDATA[B4@new.com]]>
              </value>
            </param>
            <param index="1">
              <value>
                <![CDATA[Mr]]>
              </value>
            </param>
            <param index="2">
              <value>
                <![CDATA[test]]>
              </value>
            </param>
            <param index="3">
              <value>
                <![CDATA[rest]]>
              </value>
            </param>
            <param index="4">
              <value>
                <![CDATA[qwer1234]]>
              </value>
            </param>
            <param index="5">
              <value>
                <![CDATA[2]]>
              </value>
            </param>
            <param index="6">
              <value>
                <![CDATA[January]]>
              </value>
            </param>
            <param index="7">
              <value>
                <![CDATA[1992]]>
              </value>
            </param>
            <param index="8">
              <value>
                <![CDATA[Test Address 1]]>
              </value>
            </param>
            <param index="9">
              <value>
                <![CDATA[TestCity]]>
              </value>
            </param>
            <param index="10">
              <value>
                <![CDATA[Alaska]]>
              </value>
            </param>
            <param index="11">
              <value>
                <![CDATA[20360]]>
              </value>
            </param>
            <param index="12">
              <value>
                <![CDATA[United States]]>
              </value>
            </param>
            <param index="13">
              <value>
                <![CDATA[7894561478]]>
              </value>
            </param>
            <param index="14">
              <value>
                <![CDATA[tr@n.com]]>
              </value>
            </param>
          </params>
          <reporter-output>
          </reporter-output>
        </test-method> <!-- testRegistraionWithValidData -->
        <test-method status="PASS" signature="EndTest()[pri:0, instance:testScripts.TestScripts_1@66a3ffec]" name="EndTest" is-config="true" duration-ms="3317" started-at="2017-07-25T17:55:52Z" finished-at="2017-07-25T17:55:55Z">
          <reporter-output>
          </reporter-output>
        </test-method> <!-- EndTest -->
      </class> <!-- testScripts.TestScripts_1 -->
    </test> <!-- Login test -->
  </suite> <!-- Regression Suit -->
</testng-results>
